______________________________________________________________
A:id=0,psize=4000x1000,pformat=raw,fpsrange=30
_______________________________________________________
01-01 01:14:36.002 52440 52440 I QCamxHAL3Test: main 422:Test camera:A:id=0,psize=4000x1000,pformat=raw,fpsrange=30 
01-01 01:14:36.003 52440 52440 I QCamxHAL3Test: parseCommandlineAdd 815:Command Add:id=0,psize=4000x1000,pformat=raw,fpsrange=30
01-01 01:14:36.003 52440 52440 I QCamxHAL3Test: parseCommandlineAdd 819:camera:0
01-01 01:14:36.003 52440 52440 I QCamxHAL3Test: parseCommandlineAdd 825:preview size:4000x1000
01-01 01:14:36.003 52440 52440 I QCamxHAL3Test: parseCommandlineAdd 869:preview format:raw
01-01 01:14:36.003 52440 52440 I QCamxHAL3Test: parseCommandlineAdd 1063:FPS_RANGE: min:30 max:1953720691
01-01 01:14:36.004 52440 52440 I QCamxHAL3Test: main 435:add a camera :0
01-01 01:14:36.004 52440 52440 E CamX    : [ERROR][HAL    ] camxhal3module.cpp:1487 UpdateHDMIResolution()  HDMI Device not present 
01-01 01:14:36.026 52440 52440 I QCamxHAL3Test: PreinitStreams 172:preview:4000x1000 0
01-01 01:14:36.027 52440 52440 I QCamxHAL3TestDevice: PreAllocateStreams 1033:allocate buffer start
01-01 01:14:36.028 52440 52440 D QCamxHAL3TestDevice: PreAllocateStreams 1038:Subformat for stream 0: 0
01-01 01:14:36.028 52440 52440 I QCamxHAL3TestBufferManager: AllocateBuffers 140:AllocateBuffers, Enter subformat=0, type=0
01-01 01:14:36.028 52440 52440 I QCamxHAL3TestBufferManager: AllocateOneBuffer 172:Type =0, subformat 0
01-01 01:14:36.028 52440 52440 I QCamxHAL3TestBufferManager: AllocateOneBuffer 172:Type =0, subformat 0
01-01 01:14:36.028 52440 52440 I QCamxHAL3TestBufferManager: AllocateOneBuffer 172:Type =0, subformat 0
01-01 01:14:36.028 52440 52440 I QCamxHAL3TestBufferManager: AllocateOneBuffer 172:Type =0, subformat 0
01-01 01:14:36.029 52440 52440 I QCamxHAL3TestBufferManager: AllocateOneBuffer 172:Type =0, subformat 0
01-01 01:14:36.029 52440 52440 I QCamxHAL3TestBufferManager: AllocateOneBuffer 172:Type =0, subformat 0
01-01 01:14:36.029 52440 52440 I QCamxHAL3TestBufferManager: AllocateOneBuffer 172:Type =0, subformat 0
01-01 01:14:36.029 52440 52440 I QCamxHAL3TestBufferManager: AllocateOneBuffer 172:Type =0, subformat 0
01-01 01:14:36.029 52440 52440 I QCamxHAL3TestBufferManager: AllocateOneBuffer 172:Type =0, subformat 0
01-01 01:14:36.029 52440 52440 I QCamxHAL3TestBufferManager: AllocateOneBuffer 172:Type =0, subformat 0
01-01 01:14:36.030 52440 52440 I QCamxHAL3TestBufferManager: AllocateOneBuffer 172:Type =0, subformat 0
01-01 01:14:36.030 52440 52440 I QCamxHAL3TestBufferManager: AllocateOneBuffer 172:Type =0, subformat 0
01-01 01:14:36.030 52440 52440 I QCamxHAL3TestBufferManager: AllocateBuffers 151:AllocateBuffers, EXIT
01-01 01:14:36.030 52440 52440 I QCamxHAL3TestDevice: PreAllocateStreams 1062:allocate buffer end
01-01 01:14:36.030 52440 52440 I QCamxHAL3TestDevice: openCamera 834:open Camera: 0
01-01 01:14:36.034 52440 52440 I CamX    : [CORE_CFG][HAL    ] camxhal3.cpp:493 open() HalOp: Begin OPEN, logicalCameraId: 0, cameraId: 0
01-01 01:14:36.034 52440 52440 E CamX    : [ DUMP][CORE   ] camxresourcemanager.h:1493 Dump() --------------------
01-01 01:14:36.034 52440 52440 E CamX    : [ DUMP][CORE   ] camxresourcemanager.h:1494 Dump()     Key      Cost   
01-01 01:14:36.034 52440 52440 E CamX    : [ DUMP][CORE   ] camxresourcemanager.h:1495 Dump() --------------------
01-01 01:14:36.034 52440 52440 E CamX    : [ DUMP][CORE   ] camxresourcemanager.h:1504 Dump()   {1, 0} :   100
01-01 01:14:36.034 52440 52440 E CamX    : [ DUMP][CORE   ] camxresourcemanager.cpp:106 DumpState() [IPEHw : 0], AvailableResource = 100
01-01 01:14:36.035 52440 52440 E CamX    : [ DUMP][CORE   ] camxresourcemanager.cpp:106 DumpState() [IFEHw : 0], AvailableResource = 100
01-01 01:14:36.035 52440 52440 E CamX    : [ DUMP][CORE   ] camxresourcemanager.cpp:106 DumpState() [IFEHw : 1], AvailableResource = 100
01-01 01:14:36.035 52440 52440 E CamX    : [ DUMP][CORE   ] camxresourcemanager.cpp:106 DumpState() [SensorHw : 0], AvailableResource = 0
01-01 01:14:36.035 52440 52440 E CamX    : [ DUMP][CORE   ] camxresourcemanager.cpp:106 DumpState() [CSIPHYHw : 4], AvailableResource = 100
01-01 01:14:36.035 52440 52440 E CamX    : [ DUMP][CORE   ] camxresourcemanager.h:478 DumpState() 
01-01 01:14:36.035 52440 52440 E CamX    : 
01-01 01:14:36.035 52440 52440 E CamX    : [ DUMP][CORE   ] camxresourcemanager.h:479 DumpState() reservation Id: 0
01-01 01:14:36.035 52440 52440 E CamX    : [ DUMP][CORE   ] camxresourcemanager.h:480 DumpState() ----------------------------------
01-01 01:14:36.035 52440 52440 E CamX    : [ DUMP][CORE   ] camxresourcemanager.h:481 DumpState()     Key      reservation
01-01 01:14:36.035 52440 52440 E CamX    : [ DUMP][CORE   ] camxresourcemanager.h:482 DumpState() ----------------------------------
01-01 01:14:36.036 52440 52440 E CamX    : [ DUMP][CORE   ] camxresourcemanager.h:491 DumpState()   {1, 0} :     100
01-01 01:14:36.036 52440 52440 E CamX    : [ DUMP][CORE   ] camxresourcemanager.h:1493 Dump() --------------------
01-01 01:14:36.036 52440 52440 E CamX    : [ DUMP][CORE   ] camxresourcemanager.h:1494 Dump()     Key      Cost   
01-01 01:14:36.036 52440 52440 E CamX    : [ DUMP][CORE   ] camxresourcemanager.h:1495 Dump() --------------------
01-01 01:14:36.036 52440 52440 E CamX    : [ DUMP][CORE   ] camxresourcemanager.h:1504 Dump()   {5, 4} :   50
01-01 01:14:36.036 52440 52440 I CHIUSECASE: [CORE_CFG ] chxextensionmodule.cpp:2074 ExtendOpen() Using XML for Logical Cameras -- file: kailua_supersetdc.xml
01-01 01:14:36.036 52440 52440 I CamX    : [CORE_CFG][HAL    ] camxhal3module.cpp:1147 ProcessCameraOpen() Number of cameras opened 1
01-01 01:14:36.040 52440 52440 I CamX    : [CORE_CFG][HAL    ] camxhal3.cpp:541 open() HalOp: End OPEN, logicalCameraId: 0, cameraId: 0
01-01 01:14:36.040 52440 52440 I CamX    : [CORE_CFG][HAL    ] camxthermalmanager.cpp:96 Initialize() Successfully registered with the Thermal Engine
01-01 01:14:36.040 52440 52440 I CamX    : [CORE_CFG][HAL    ] camxthermalmanager.cpp:145 RegisterHALDevice() Registered pHALDevice=0x559ff88400 CameraId=0
01-01 01:14:36.041 52440 52440 E CamX    : [ERROR][HAL    ] camxhal3module.cpp:1487 UpdateHDMIResolution()  HDMI Device not present 
01-01 01:14:36.041 52440 52440 I QCamxHAL3Test: initPreviewStream 128:preview:4000x1000 0
01-01 01:14:36.041 52440 52440 D QCamxHAL3TestDevice: GetValidOutputStreams 1868:format:34 960x720
01-01 01:14:36.041 52440 52440 D QCamxHAL3TestDevice: GetValidOutputStreams 1868:format:35 960x720
01-01 01:14:36.041 52440 52440 D QCamxHAL3TestDevice: GetValidOutputStreams 1868:format:33 960x720
01-01 01:14:36.041 52440 52440 D QCamxHAL3TestDevice: GetValidOutputStreams 1868:format:54 960x720
01-01 01:14:36.041 52440 52440 D QCamxHAL3TestDevice: GetValidOutputStreams 1868:format:34 960x540
01-01 01:14:36.041 52440 52440 D QCamxHAL3TestDevice: GetValidOutputStreams 1868:format:35 960x540
01-01 01:14:36.041 52440 52440 D QCamxHAL3TestDevice: GetValidOutputStreams 1868:format:33 960x540
01-01 01:14:36.041 52440 52440 D QCamxHAL3TestDevice: GetValidOutputStreams 1868:format:54 960x540
01-01 01:14:36.041 52440 52440 D QCamxHAL3TestDevice: GetValidOutputStreams 1868:format:34 800x600
01-01 01:14:36.041 52440 52440 D QCamxHAL3TestDevice: GetValidOutputStreams 1868:format:35 800x600
01-01 01:14:36.041 52440 52440 D QCamxHAL3TestDevice: GetValidOutputStreams 1868:format:33 800x600
01-01 01:14:36.041 52440 52440 D QCamxHAL3TestDevice: GetValidOutputStreams 1868:format:54 800x600
01-01 01:14:36.041 52440 52440 D QCamxHAL3TestDevice: GetValidOutputStreams 1868:format:34 864x480
01-01 01:14:36.041 52440 52440 D QCamxHAL3TestDevice: GetValidOutputStreams 1868:format:35 864x480
01-01 01:14:36.041 52440 52440 D QCamxHAL3TestDevice: GetValidOutputStreams 1868:format:33 864x480
01-01 01:14:36.041 52440 52440 D QCamxHAL3TestDevice: GetValidOutputStreams 1868:format:54 864x480
01-01 01:14:36.041 52440 52440 D QCamxHAL3TestDevice: GetValidOutputStreams 1868:format:34 800x480
01-01 01:14:36.041 52440 52440 D QCamxHAL3TestDevice: GetValidOutputStreams 1868:format:35 800x480
01-01 01:14:36.041 52440 52440 D QCamxHAL3TestDevice: GetValidOutputStreams 1868:format:33 800x480
01-01 01:14:36.041 52440 52440 D QCamxHAL3TestDevice: GetValidOutputStreams 1868:format:54 800x480
01-01 01:14:36.041 52440 52440 D QCamxHAL3TestDevice: GetValidOutputStreams 1868:format:34 720x480
01-01 01:14:36.041 52440 52440 D QCamxHAL3TestDevice: GetValidOutputStreams 1868:format:35 720x480
01-01 01:14:36.041 52440 52440 D QCamxHAL3TestDevice: GetValidOutputStreams 1868:format:33 720x480
01-01 01:14:36.041 52440 52440 D QCamxHAL3TestDevice: GetValidOutputStreams 1868:format:54 720x480
01-01 01:14:36.041 52440 52440 D QCamxHAL3TestDevice: GetValidOutputStreams 1868:format:34 640x480
01-01 01:14:36.041 52440 52440 D QCamxHAL3TestDevice: GetValidOutputStreams 1868:format:35 640x480
01-01 01:14:36.041 52440 52440 D QCamxHAL3TestDevice: GetValidOutputStreams 1868:format:33 640x480
01-01 01:14:36.041 52440 52440 D QCamxHAL3TestDevice: GetValidOutputStreams 1868:format:54 640x480
01-01 01:14:36.041 52440 52440 D QCamxHAL3TestDevice: GetValidOutputStreams 1868:format:34 640x400
01-01 01:14:36.041 52440 52440 D QCamxHAL3TestDevice: GetValidOutputStreams 1868:format:35 640x400
01-01 01:14:36.041 52440 52440 D QCamxHAL3TestDevice: GetValidOutputStreams 1868:format:33 640x400
01-01 01:14:36.041 52440 52440 D QCamxHAL3TestDevice: GetValidOutputStreams 1868:format:54 640x400
01-01 01:14:36.041 52440 52440 D QCamxHAL3TestDevice: GetValidOutputStreams 1868:format:34 640x360
01-01 01:14:36.041 52440 52440 D QCamxHAL3TestDevice: GetValidOutputStreams 1868:format:35 640x360
01-01 01:14:36.041 52440 52440 D QCamxHAL3TestDevice: GetValidOutputStreams 1868:format:33 640x360
01-01 01:14:36.041 52440 52440 D QCamxHAL3TestDevice: GetValidOutputStreams 1868:format:54 640x360
01-01 01:14:36.041 52440 52440 D QCamxHAL3TestDevice: GetValidOutputStreams 1868:format:34 400x300
01-01 01:14:36.041 52440 52440 D QCamxHAL3TestDevice: GetValidOutputStreams 1868:format:35 400x300
01-01 01:14:36.041 52440 52440 D QCamxHAL3TestDevice: GetValidOutputStreams 1868:format:33 400x300
01-01 01:14:36.041 52440 52440 D QCamxHAL3TestDevice: GetValidOutputStreams 1868:format:54 400x300
01-01 01:14:36.041 52440 52440 D QCamxHAL3TestDevice: GetValidOutputStreams 1868:format:34 352x288
01-01 01:14:36.041 52440 52440 D QCamxHAL3TestDevice: GetValidOutputStreams 1868:format:35 352x288
01-01 01:14:36.041 52440 52440 D QCamxHAL3TestDevice: GetValidOutputStreams 1868:format:33 352x288
01-01 01:14:36.041 52440 52440 D QCamxHAL3TestDevice: GetValidOutputStreams 1868:format:54 352x288
01-01 01:14:36.041 52440 52440 D QCamxHAL3TestDevice: GetValidOutputStreams 1868:format:34 400x224
01-01 01:14:36.041 52440 52440 D QCamxHAL3TestDevice: GetValidOutputStreams 1868:format:35 400x224
01-01 01:14:36.041 52440 52440 D QCamxHAL3TestDevice: GetValidOutputStreams 1868:format:33 400x224
01-01 01:14:36.041 52440 52440 D QCamxHAL3TestDevice: GetValidOutputStreams 1868:format:54 400x224
01-01 01:14:36.041 52440 52440 D QCamxHAL3TestDevice: GetValidOutputStreams 1868:format:34 384x216
01-01 01:14:36.041 52440 52440 D QCamxHAL3TestDevice: GetValidOutputStreams 1868:format:35 384x216
01-01 01:14:36.041 52440 52440 D QCamxHAL3TestDevice: GetValidOutputStreams 1868:format:33 384x216
01-01 01:14:36.041 52440 52440 D QCamxHAL3TestDevice: GetValidOutputStreams 1868:format:54 384x216
01-01 01:14:36.041 52440 52440 D QCamxHAL3TestDevice: GetValidOutputStreams 1868:format:34 320x240
01-01 01:14:36.041 52440 52440 D QCamxHAL3TestDevice: GetValidOutputStreams 1868:format:35 320x240
01-01 01:14:36.041 52440 52440 D QCamxHAL3TestDevice: GetValidOutputStreams 1868:format:33 320x240
01-01 01:14:36.041 52440 52440 D QCamxHAL3TestDevice: GetValidOutputStreams 1868:format:54 320x240
01-01 01:14:36.041 52440 52440 D QCamxHAL3TestDevice: GetValidOutputStreams 1868:format:34 240x320
01-01 01:14:36.041 52440 52440 D QCamxHAL3TestDevice: GetValidOutputStreams 1868:format:35 240x320
01-01 01:14:36.041 52440 52440 D QCamxHAL3TestDevice: GetValidOutputStreams 1868:format:33 240x320
01-01 01:14:36.041 52440 52440 D QCamxHAL3TestDevice: GetValidOutputStreams 1868:format:54 240x320
01-01 01:14:36.042 52440 52440 D QCamxHAL3TestDevice: GetValidOutputStreams 1868:format:34 176x144
01-01 01:14:36.042 52440 52440 D QCamxHAL3TestDevice: GetValidOutputStreams 1868:format:35 176x144
01-01 01:14:36.042 52440 52440 D QCamxHAL3TestDevice: GetValidOutputStreams 1868:format:33 176x144
01-01 01:14:36.042 52440 52440 D QCamxHAL3TestDevice: GetValidOutputStreams 1868:format:54 176x144
01-01 01:14:36.042 52440 52440 D QCamxHAL3TestDevice: GetValidOutputStreams 1868:format:37 1000x1000
01-01 01:14:36.042 52440 52440 D QCamxHAL3TestDevice: GetValidOutputStreams 1868:format:32 1000x1000
01-01 01:14:36.042 52440 52440 D QCamxHAL3TestDevice: GetValidOutputStreams 1868:format:36 1000x1000
01-01 01:14:36.042 52440 52440 E QCamxHAL3Test: initPreviewStream 146:Failed to find output stream for preview: w: 4000, h: 1000, fmt: 0
01-01 01:14:36.042 52440 52440 I QCamxHAL3Test: main 394:CAM0>>
01-01 01:14:36.042 52440 52803 I QCamxHAL3TestDevice: doCapturePostProcess 157:doCapturePostProcess capture result handle thread start
01-01 01:14:36.042 52440 52804 I QCamxHAL3TestDevice: doprocessCaptureRequest 1455:Waiting Msg :0 or Buffer return at thread:0x55a0601150
01-01 01:14:41.042 52440 52804 I QCamxHAL3TestDevice: doprocessCaptureRequest 1460:No Msg Got!
01-01 01:14:41.042 52440 52803 E QCamxHAL3TestDevice: doCapturePostProcess 165:doCapturePostProcess No Msg got in 5 sec in Result Process thread
01-01 01:14:41.042 52440 52804 I QCamxHAL3TestDevice: doprocessCaptureRequest 1455:Waiting Msg :0 or Buffer return at thread:0x55a0601150
01-01 01:14:46.045 52440 52803 E QCamxHAL3TestDevice: doCapturePostProcess 165:doCapturePostProcess No Msg got in 5 sec in Result Process thread
01-01 01:14:46.045 52440 52804 I QCamxHAL3TestDevice: doprocessCaptureRequest 1460:No Msg Got!
01-01 01:14:46.045 52440 52804 I QCamxHAL3TestDevice: doprocessCaptureRequest 1455:Waiting Msg :0 or Buffer return at thread:0x55a0601150
01-01 01:14:51.047 52440 52803 E QCamxHAL3TestDevice: doCapturePostProcess 165:doCapturePostProcess No Msg got in 5 sec in Result Process thread
01-01 01:14:51.047 52440 52804 I QCamxHAL3TestDevice: doprocessCaptureRequest 1460:No Msg Got!
01-01 01:14:51.048 52440 52804 I QCamxHAL3TestDevice: doprocessCaptureRequest 1455:Waiting Msg :0 or Buffer return at thread:0x55a0601150