01-01 01:12:56.237  3373  3373 I QCamxHAL3Test: main 422:Test camera:A:id=0,psize=1000x1000,pformat=yuv420 
01-01 01:12:56.239  3373  3373 I QCamxHAL3Test: parseCommandlineAdd 815:Command Add:id=0,psize=1000x1000,pformat=yuv420
01-01 01:12:56.239  3373  3373 I QCamxHAL3Test: parseCommandlineAdd 819:camera:0
01-01 01:12:56.239  3373  3373 I QCamxHAL3Test: parseCommandlineAdd 825:preview size:1000x1000
01-01 01:12:56.239  3373  3373 I QCamxHAL3Test: parseCommandlineAdd 869:preview format:yuv420
01-01 01:12:56.240  3373  3373 I QCamxHAL3Test: main 435:add a camera :0
01-01 01:12:56.240  3373  3373 E CamX    : [ERROR][HAL    ] camxhal3module.cpp:1487 UpdateHDMIResolution()  HDMI Device not present 
01-01 01:12:56.242  3373  3373 I QCamxHAL3Test: PreinitStreams 172:preview:1000x1000 35
01-01 01:12:56.242  3373  3373 I QCamxHAL3TestDevice: PreAllocateStreams 1033:allocate buffer start
01-01 01:12:56.245  3373  3373 D QCamxHAL3TestDevice: PreAllocateStreams 1038:Subformat for stream 0: 0
01-01 01:12:56.245  3373  3373 I QCamxHAL3TestBufferManager: AllocateBuffers 140:AllocateBuffers, Enter subformat=0, type=0
01-01 01:12:56.245  3373  3373 I QCamxHAL3TestBufferManager: AllocateOneBuffer 172:Type =0, subformat 0
01-01 01:12:56.245  3373  3373 I QCamxHAL3TestBufferManager: AllocateOneBuffer 172:Type =0, subformat 0
01-01 01:12:56.245  3373  3373 I QCamxHAL3TestBufferManager: AllocateOneBuffer 172:Type =0, subformat 0
01-01 01:12:56.245  3373  3373 I QCamxHAL3TestBufferManager: AllocateOneBuffer 172:Type =0, subformat 0
01-01 01:12:56.245  3373  3373 I QCamxHAL3TestBufferManager: AllocateOneBuffer 172:Type =0, subformat 0
01-01 01:12:56.245  3373  3373 I QCamxHAL3TestBufferManager: AllocateOneBuffer 172:Type =0, subformat 0
01-01 01:12:56.246  3373  3373 I QCamxHAL3TestBufferManager: AllocateOneBuffer 172:Type =0, subformat 0
01-01 01:12:56.246  3373  3373 I QCamxHAL3TestBufferManager: AllocateOneBuffer 172:Type =0, subformat 0
01-01 01:12:56.246  3373  3373 I QCamxHAL3TestBufferManager: AllocateOneBuffer 172:Type =0, subformat 0
01-01 01:12:56.246  3373  3373 I QCamxHAL3TestBufferManager: AllocateOneBuffer 172:Type =0, subformat 0
01-01 01:12:56.246  3373  3373 I QCamxHAL3TestBufferManager: AllocateOneBuffer 172:Type =0, subformat 0
01-01 01:12:56.246  3373  3373 I QCamxHAL3TestBufferManager: AllocateOneBuffer 172:Type =0, subformat 0
01-01 01:12:56.246  3373  3373 I QCamxHAL3TestBufferManager: AllocateBuffers 151:AllocateBuffers, EXIT
01-01 01:12:56.246  3373  3373 I QCamxHAL3TestDevice: PreAllocateStreams 1062:allocate buffer end
01-01 01:12:56.247  3373  3373 I QCamxHAL3TestDevice: openCamera 834:open Camera: 0
01-01 01:12:56.247  3373  3373 I CamX    : [CORE_CFG][HAL    ] camxhal3.cpp:437 open() camxhal3 open function is called !
01-01 01:12:56.248  3373  3373 E         : NotifyCameraOpen():653 OfflineLogger not support concurrent camera usecase and will be disable!
01-01 01:12:56.248  3373  3373 I CamX    : [CORE_CFG][HAL    ] camxhal3.cpp:495 open() HalOp: Begin OPEN, logicalCameraId: 0, cameraId: 0
01-01 01:12:56.248  3373  3373 E CamX    : [ERROR][HAL    ] camxhal3module.cpp:1131 ProcessCameraOpen() Camera id already in use: 0
01-01 01:12:56.249  3373  3373 I CamX    : [CORE_CFG][HAL    ] camxhal3.cpp:543 open() HalOp: End OPEN, logicalCameraId: 0, cameraId: 0
01-01 01:12:56.249  3373  3373 E QCamxHAL3TestDevice: openCamera 840:open Camera failed
01-01 01:12:56.249  3373  3373 I QCamxHAL3Test: initPreviewStream 128:preview:1000x1000 35
01-01 01:12:56.250  3373  3373 D QCamxHAL3TestDevice: GetValidOutputStreams 1868:format:34 960x720
01-01 01:12:56.250  3373  3373 D QCamxHAL3TestDevice: GetValidOutputStreams 1868:format:35 960x720
01-01 01:12:56.250  3373  3373 D QCamxHAL3TestDevice: GetValidOutputStreams 1868:format:33 960x720
01-01 01:12:56.250  3373  3373 D QCamxHAL3TestDevice: GetValidOutputStreams 1868:format:54 960x720
01-01 01:12:56.250  3373  3373 D QCamxHAL3TestDevice: GetValidOutputStreams 1868:format:34 960x540
01-01 01:12:56.250  3373  3373 D QCamxHAL3TestDevice: GetValidOutputStreams 1868:format:35 960x540
01-01 01:12:56.250  3373  3373 D QCamxHAL3TestDevice: GetValidOutputStreams 1868:format:33 960x540
01-01 01:12:56.250  3373  3373 D QCamxHAL3TestDevice: GetValidOutputStreams 1868:format:54 960x540
01-01 01:12:56.250  3373  3373 D QCamxHAL3TestDevice: GetValidOutputStreams 1868:format:34 800x600
01-01 01:12:56.250  3373  3373 D QCamxHAL3TestDevice: GetValidOutputStreams 1868:format:35 800x600
01-01 01:12:56.250  3373  3373 D QCamxHAL3TestDevice: GetValidOutputStreams 1868:format:33 800x600
01-01 01:12:56.250  3373  3373 D QCamxHAL3TestDevice: GetValidOutputStreams 1868:format:54 800x600
01-01 01:12:56.250  3373  3373 D QCamxHAL3TestDevice: GetValidOutputStreams 1868:format:34 864x480
01-01 01:12:56.250  3373  3373 D QCamxHAL3TestDevice: GetValidOutputStreams 1868:format:35 864x480
01-01 01:12:56.250  3373  3373 D QCamxHAL3TestDevice: GetValidOutputStreams 1868:format:33 864x480
01-01 01:12:56.251  3373  3373 D QCamxHAL3TestDevice: GetValidOutputStreams 1868:format:54 864x480
01-01 01:12:56.251  3373  3373 D QCamxHAL3TestDevice: GetValidOutputStreams 1868:format:34 800x480
01-01 01:12:56.251  3373  3373 D QCamxHAL3TestDevice: GetValidOutputStreams 1868:format:35 800x480
01-01 01:12:56.251  3373  3373 D QCamxHAL3TestDevice: GetValidOutputStreams 1868:format:33 800x480
01-01 01:12:56.251  3373  3373 D QCamxHAL3TestDevice: GetValidOutputStreams 1868:format:54 800x480
01-01 01:12:56.251  3373  3373 D QCamxHAL3TestDevice: GetValidOutputStreams 1868:format:34 720x480
01-01 01:12:56.251  3373  3373 D QCamxHAL3TestDevice: GetValidOutputStreams 1868:format:35 720x480
01-01 01:12:56.251  3373  3373 D QCamxHAL3TestDevice: GetValidOutputStreams 1868:format:33 720x480
01-01 01:12:56.251  3373  3373 D QCamxHAL3TestDevice: GetValidOutputStreams 1868:format:54 720x480
01-01 01:12:56.251  3373  3373 D QCamxHAL3TestDevice: GetValidOutputStreams 1868:format:34 640x480
01-01 01:12:56.252  3373  3373 D QCamxHAL3TestDevice: GetValidOutputStreams 1868:format:35 640x480
01-01 01:12:56.252  3373  3373 D QCamxHAL3TestDevice: GetValidOutputStreams 1868:format:33 640x480
01-01 01:12:56.252  3373  3373 D QCamxHAL3TestDevice: GetValidOutputStreams 1868:format:54 640x480
01-01 01:12:56.253  3373  3373 D QCamxHAL3TestDevice: GetValidOutputStreams 1868:format:34 640x400
01-01 01:12:56.253  3373  3373 D QCamxHAL3TestDevice: GetValidOutputStreams 1868:format:35 640x400
01-01 01:12:56.253  3373  3373 D QCamxHAL3TestDevice: GetValidOutputStreams 1868:format:33 640x400
01-01 01:12:56.253  3373  3373 D QCamxHAL3TestDevice: GetValidOutputStreams 1868:format:54 640x400
01-01 01:12:56.254  3373  3373 D QCamxHAL3TestDevice: GetValidOutputStreams 1868:format:34 640x360
01-01 01:12:56.254  3373  3373 D QCamxHAL3TestDevice: GetValidOutputStreams 1868:format:35 640x360
01-01 01:12:56.254  3373  3373 D QCamxHAL3TestDevice: GetValidOutputStreams 1868:format:33 640x360
01-01 01:12:56.254  3373  3373 D QCamxHAL3TestDevice: GetValidOutputStreams 1868:format:54 640x360
01-01 01:12:56.254  3373  3373 D QCamxHAL3TestDevice: GetValidOutputStreams 1868:format:34 400x300
01-01 01:12:56.254  3373  3373 D QCamxHAL3TestDevice: GetValidOutputStreams 1868:format:35 400x300
01-01 01:12:56.254  3373  3373 D QCamxHAL3TestDevice: GetValidOutputStreams 1868:format:33 400x300
01-01 01:12:56.254  3373  3373 D QCamxHAL3TestDevice: GetValidOutputStreams 1868:format:54 400x300
01-01 01:12:56.255  3373  3373 D QCamxHAL3TestDevice: GetValidOutputStreams 1868:format:34 352x288
01-01 01:12:56.255  3373  3373 D QCamxHAL3TestDevice: GetValidOutputStreams 1868:format:35 352x288
01-01 01:12:56.255  3373  3373 D QCamxHAL3TestDevice: GetValidOutputStreams 1868:format:33 352x288
01-01 01:12:56.255  3373  3373 D QCamxHAL3TestDevice: GetValidOutputStreams 1868:format:54 352x288
01-01 01:12:56.255  3373  3373 D QCamxHAL3TestDevice: GetValidOutputStreams 1868:format:34 400x224
01-01 01:12:56.255  3373  3373 D QCamxHAL3TestDevice: GetValidOutputStreams 1868:format:35 400x224
01-01 01:12:56.256  3373  3373 D QCamxHAL3TestDevice: GetValidOutputStreams 1868:format:33 400x224
01-01 01:12:56.256  3373  3373 D QCamxHAL3TestDevice: GetValidOutputStreams 1868:format:54 400x224
01-01 01:12:56.256  3373  3373 D QCamxHAL3TestDevice: GetValidOutputStreams 1868:format:34 384x216
01-01 01:12:56.256  3373  3373 D QCamxHAL3TestDevice: GetValidOutputStreams 1868:format:35 384x216
01-01 01:12:56.256  3373  3373 D QCamxHAL3TestDevice: GetValidOutputStreams 1868:format:33 384x216
01-01 01:12:56.256  3373  3373 D QCamxHAL3TestDevice: GetValidOutputStreams 1868:format:54 384x216
01-01 01:12:56.256  3373  3373 D QCamxHAL3TestDevice: GetValidOutputStreams 1868:format:34 320x240
01-01 01:12:56.257  3373  3373 D QCamxHAL3TestDevice: GetValidOutputStreams 1868:format:35 320x240
01-01 01:12:56.257  3373  3373 D QCamxHAL3TestDevice: GetValidOutputStreams 1868:format:33 320x240
01-01 01:12:56.257  3373  3373 D QCamxHAL3TestDevice: GetValidOutputStreams 1868:format:54 320x240
01-01 01:12:56.257  3373  3373 D QCamxHAL3TestDevice: GetValidOutputStreams 1868:format:34 240x320
01-01 01:12:56.257  3373  3373 D QCamxHAL3TestDevice: GetValidOutputStreams 1868:format:35 240x320
01-01 01:12:56.257  3373  3373 D QCamxHAL3TestDevice: GetValidOutputStreams 1868:format:33 240x320
01-01 01:12:56.257  3373  3373 D QCamxHAL3TestDevice: GetValidOutputStreams 1868:format:54 240x320
01-01 01:12:56.258  3373  3373 D QCamxHAL3TestDevice: GetValidOutputStreams 1868:format:34 176x144
01-01 01:12:56.258  3373  3373 D QCamxHAL3TestDevice: GetValidOutputStreams 1868:format:35 176x144
01-01 01:12:56.258  3373  3373 D QCamxHAL3TestDevice: GetValidOutputStreams 1868:format:33 176x144
01-01 01:12:56.258  3373  3373 D QCamxHAL3TestDevice: GetValidOutputStreams 1868:format:54 176x144
01-01 01:12:56.258  3373  3373 D QCamxHAL3TestDevice: GetValidOutputStreams 1868:format:37 1061x999
01-01 01:12:56.258  3373  3373 D QCamxHAL3TestDevice: GetValidOutputStreams 1868:format:32 1061x999
01-01 01:12:56.258  3373  3373 D QCamxHAL3TestDevice: GetValidOutputStreams 1868:format:36 1061x999
01-01 01:12:56.259  3373  3373 E QCamxHAL3Test: initPreviewStream 146:Failed to find output stream for preview: w: 1000, h: 1000, fmt: 35
01-01 01:12:56.259  3373  5124 I QCamxHAL3TestDevice: doCapturePostProcess 157:doCapturePostProcess capture result handle thread start
01-01 01:12:56.260  3373  3373 I QCamxHAL3Test: main 394:CAM0>>
01-01 01:12:56.260  3373  5125 I QCamxHAL3TestDevice: doprocessCaptureRequest 1455:Waiting Msg :0 or Buffer return at thread:0x5576896820
01-01 01:12:57.512  3373  4025 E QCamxHAL3TestDevice: doCapturePostProcess 165:doCapturePostProcess No Msg got in 5 sec in Result Process thread
01-01 01:12:57.513  3373  4026 I QCamxHAL3TestDevice: doprocessCaptureRequest 1460:No Msg Got!
01-01 01:12:57.513  3373  4026 I QCamxHAL3TestDevice: doprocessCaptureRequest 1455:Waiting Msg :0 or Buffer return at thread:0x5576890320
01-01 01:13:01.261  3373  5124 E QCamxHAL3TestDevice: doCapturePostProcess 165:doCapturePostProcess No Msg got in 5 sec in Result Process thread
01-01 01:13:01.261  3373  5125 I QCamxHAL3TestDevice: doprocessCaptureRequest 1460:No Msg Got!
01-01 01:13:01.261  3373  5125 I QCamxHAL3TestDevice: doprocessCaptureRequest 1455:Waiting Msg :0 or Buffer return at thread:0x5576896820
01-01 01:13:02.515  3373  4025 E QCamxHAL3TestDevice: doCapturePostProcess 165:doCapturePostProcess No Msg got in 5 sec in Result Process thread
01-01 01:13:02.516  3373  4026 I QCamxHAL3TestDevice: doprocessCaptureRequest 1460:No Msg Got!
01-01 01:13:02.516  3373  4026 I QCamxHAL3TestDevice: doprocessCaptureRequest 1455:Waiting Msg :0 or Buffer return at thread:0x5576890320
01-01 01:13:03.170  3373  3373 I QCamxHAL3TestLog: signal_handler 88:=========>>>catch signal 2 <<< from tid:3373====== 